[2019-12-13 04:29:44] slim-app.INFO: Slim-Skeleton '/' route [] {"uid":"d0e534c"}
[2019-12-13 04:32:53] slim-app.INFO: Slim-Skeleton '/' route [] {"uid":"5923b16"}
[2019-12-13 04:32:53] slim-app.INFO: Slim-Skeleton '/' route [] {"uid":"8a15041"}
[2019-12-13 04:32:55] slim-app.INFO: Slim-Skeleton '/' route [] {"uid":"239036b"}
[2019-12-13 04:35:47] slim-app.INFO: Slim-Skeleton '/' route [] {"uid":"8c636ca"}
[2019-12-13 04:36:20] slim-app.INFO: Slim-Skeleton '/' route [] {"uid":"c378143"}
[2019-12-13 04:36:21] slim-app.INFO: Slim-Skeleton '/' route [] {"uid":"20cd7bb"}
[2019-12-13 04:36:49] slim-app.INFO: Slim-Skeleton '/' route [] {"uid":"d29fb18"}
[2019-12-13 04:37:33] slim-app.INFO: Slim-Skeleton '/' route [] {"uid":"bbc59bb"}
[2019-12-13 04:37:33] slim-app.INFO: Slim-Skeleton '/' route [] {"uid":"014ecf6"}
[2019-12-13 04:37:34] slim-app.INFO: Slim-Skeleton '/' route [] {"uid":"1e266c8"}
[2019-12-13 04:37:54] slim-app.INFO: Slim-Skeleton '/' route [] {"uid":"6a7f9b3"}
[2019-12-13 04:38:14] slim-app.INFO: Slim-Skeleton '/' route [] {"uid":"3c0bcf1"}
[2019-12-13 04:38:16] slim-app.INFO: Slim-Skeleton '/' route [] {"uid":"1c8d9de"}
[2019-12-13 04:39:03] slim-app.INFO: Slim-Skeleton '/' route [] {"uid":"8ffba74"}
[2019-12-13 04:39:11] slim-app.INFO: Slim-Skeleton '/' route [] {"uid":"6c133cb"}
[2019-12-13 04:42:13] slim-app.INFO: Slim-Skeleton '/' route [] {"uid":"d6f2ba2"}
[2019-12-13 04:44:41] slim-app.INFO: Slim-Skeleton '/' route [] {"uid":"9e15f60"}
[2019-12-13 04:44:50] slim-app.INFO: Slim-Skeleton '/' route [] {"uid":"7c012b0"}
[2019-12-13 04:44:54] slim-app.INFO: Slim-Skeleton '/' route [] {"uid":"e656af4"}
[2019-12-13 04:44:58] slim-app.INFO: Slim-Skeleton '/' route [] {"uid":"c61a72a"}
[2019-12-13 04:45:12] slim-app.INFO: Slim-Skeleton '/' route [] {"uid":"37a303e"}
[2019-12-13 04:45:32] slim-app.INFO: Slim-Skeleton '/' route [] {"uid":"ed74213"}
[2019-12-13 04:45:44] slim-app.INFO: Slim-Skeleton '/' route [] {"uid":"2a505e8"}
[2019-12-20 00:53:31] slim-app.INFO: Detail Edit [] {"uid":"e66f06c"}
[2019-12-20 00:54:19] slim-app.INFO: Detail Edit [] {"uid":"fa42cc5"}
[2019-12-31 07:33:10] slim-app.INFO: Detail Page [] {"uid":"ecb5291"}
[2019-12-31 07:33:12] slim-app.INFO: Edit Page [] {"uid":"5750a7d"}
[2019-12-31 07:33:13] slim-app.INFO: Edit Page [] {"uid":"224748c"}
[2019-12-31 07:33:29] slim-app.INFO: Detail Page [] {"uid":"b4d34fb"}
[2019-12-31 07:33:30] slim-app.INFO: Edit Page [] {"uid":"9040035"}
[2019-12-31 07:33:31] slim-app.INFO: Edit Page [] {"uid":"45f641b"}
[2019-12-31 07:33:34] slim-app.INFO: Detail Page [] {"uid":"76ea847"}
[2019-12-31 07:33:35] slim-app.INFO: Edit Page [] {"uid":"399bac0"}
[2019-12-31 07:33:39] slim-app.INFO: Edit Page [] {"uid":"ff3d597"}
[2019-12-31 07:33:58] slim-app.INFO: Detail Page [] {"uid":"b7e1c7a"}
[2019-12-31 07:34:15] slim-app.INFO: Detail Page [] {"uid":"37d81d4"}
[2019-12-31 07:34:17] slim-app.INFO: Edit Page [] {"uid":"b6ee795"}
[2019-12-31 07:34:44] slim-app.INFO: Edit Page [] {"uid":"b2ae429"}
[2019-12-31 07:35:44] slim-app.INFO: Detail Page [] {"uid":"3964546"}
[2019-12-31 07:36:11] slim-app.INFO: Detail Page [] {"uid":"0378aa6"}
[2019-12-31 07:36:12] slim-app.INFO: Edit Page [] {"uid":"815728d"}
[2019-12-31 07:36:14] slim-app.INFO: Edit Page [] {"uid":"9d1b942"}
[2019-12-31 07:37:03] slim-app.INFO: Detail Page [] {"uid":"6ab370e"}
[2019-12-31 07:37:05] slim-app.INFO: Edit Page [] {"uid":"ec6f302"}
[2019-12-31 07:37:11] slim-app.INFO: Edit Page [] {"uid":"19073a0"}
[2019-12-31 07:37:19] slim-app.INFO: Detail Page [] {"uid":"c666fb1"}
[2019-12-31 07:37:21] slim-app.INFO: Edit Page [] {"uid":"4146298"}
[2019-12-31 07:37:25] slim-app.INFO: Detail Page [] {"uid":"227acab"}
[2019-12-31 07:37:27] slim-app.INFO: Edit Page [] {"uid":"4f1901c"}
[2019-12-31 07:37:28] slim-app.INFO: Edit Page [] {"uid":"214215d"}
[2019-12-31 07:37:34] slim-app.INFO: Edit Page [] {"uid":"239fb17"}
[2019-12-31 07:37:44] slim-app.INFO: Edit Page [] {"uid":"3247785"}
[2019-12-31 07:38:03] slim-app.INFO: Edit Page [] {"uid":"e200f7a"}
[2019-12-31 07:38:04] slim-app.INFO: New Post Page [] {"uid":"2f5d132"}
[2019-12-31 07:38:09] slim-app.INFO: Detail Page [] {"uid":"be479a8"}
[2019-12-31 07:38:10] slim-app.INFO: Edit Page [] {"uid":"89acc0b"}
[2019-12-31 07:38:12] slim-app.INFO: New Post Page [] {"uid":"9150d70"}
[2019-12-31 07:38:15] slim-app.INFO: Detail Page [] {"uid":"7404bf4"}
[2019-12-31 07:38:16] slim-app.INFO: New Post Page [] {"uid":"9801ef3"}
[2019-12-31 07:38:38] slim-app.INFO: New Post Page [] {"uid":"648714a"}
[2019-12-31 07:38:41] slim-app.INFO: Detail Page [] {"uid":"bcffb28"}
[2020-01-01 04:14:50] slim-app.INFO: Detail Page [] {"uid":"02d827c"}
[2020-01-01 04:14:56] slim-app.INFO: Edit Page [] {"uid":"9b5d813"}
[2020-01-01 04:15:01] slim-app.INFO: Detail Page [] {"uid":"db50bce"}
[2020-01-01 04:15:02] slim-app.INFO: Edit Page [] {"uid":"6508041"}
[2020-01-01 04:15:05] slim-app.INFO: Detail Page [] {"uid":"d988ae8"}
[2020-01-01 04:15:09] slim-app.INFO: Detail Page [] {"uid":"0c8b69b"}
[2020-01-01 04:15:12] slim-app.INFO: Edit Page [] {"uid":"0b3f872"}
[2020-01-01 04:19:10] slim-app.INFO: Detail Page [] {"uid":"ecc4f83"}
[2020-01-01 04:19:35] slim-app.INFO: Detail Page [] {"uid":"80b63ac"}
[2020-01-01 04:19:45] slim-app.INFO: Detail Page [] {"uid":"925b2f8"}
[2020-01-01 04:20:11] slim-app.INFO: Detail Page [] {"uid":"8f6c77c"}
[2020-01-01 04:20:13] slim-app.INFO: Detail Page [] {"uid":"60bd23e"}
[2020-01-01 04:20:46] slim-app.INFO: Detail Page [] {"uid":"465c7b0"}
[2020-01-01 04:21:14] slim-app.INFO: Detail Page [] {"uid":"7b41b8e"}
[2020-01-01 04:21:39] slim-app.INFO: Detail Page [] {"uid":"51ccff7"}
[2020-01-01 04:21:41] slim-app.INFO: Detail Page [] {"uid":"a6fc37f"}
[2020-01-01 04:21:41] slim-app.INFO: Edit Page [] {"uid":"c4fd567"}
[2020-01-01 04:21:45] slim-app.INFO: Edit Page [] {"uid":"505cda9"}
[2020-01-01 04:23:07] slim-app.INFO: Detail Page [] {"uid":"778846a"}
[2020-01-01 04:23:08] slim-app.INFO: Edit Page [] {"uid":"0903f87"}
[2020-01-01 04:23:11] slim-app.INFO: Edit Page [] {"uid":"c3f46b1"}
[2020-01-01 04:23:50] slim-app.INFO: Edit Page [] {"uid":"3b5204b"}
[2020-01-01 04:25:02] slim-app.INFO: Edit Page [] {"uid":"c418df6"}
[2020-01-01 04:25:04] slim-app.INFO: Detail Page [] {"uid":"4c26a14"}
[2020-01-01 04:25:05] slim-app.INFO: Edit Page [] {"uid":"03b386c"}
[2020-01-01 04:25:08] slim-app.INFO: Edit Page [] {"uid":"76ba937"}
[2020-01-01 04:26:12] slim-app.INFO: Detail Page [] {"uid":"985460c"}
[2020-01-01 04:26:14] slim-app.INFO: Detail Page [] {"uid":"40ccd74"}
[2020-01-01 04:26:17] slim-app.INFO: Detail Page [] {"uid":"feed35b"}
[2020-01-01 04:26:19] slim-app.INFO: Detail Page [] {"uid":"a62ced5"}
[2020-01-01 04:26:33] slim-app.INFO: Detail Page [] {"uid":"ea672ab"}
[2020-01-01 04:26:36] slim-app.INFO: Detail Page [] {"uid":"f57ff53"}
[2020-01-01 04:27:53] slim-app.INFO: Detail Page [] {"uid":"af9a138"}
[2020-01-01 04:27:56] slim-app.INFO: Detail Page [] {"uid":"b69a9dd"}
[2020-01-01 04:27:59] slim-app.INFO: Edit Page [] {"uid":"8013447"}
[2020-01-01 04:28:04] slim-app.INFO: Detail Page [] {"uid":"d93de81"}
[2020-01-01 04:28:06] slim-app.INFO: Detail Page [] {"uid":"8e26ce9"}
[2020-01-01 04:28:08] slim-app.INFO: Detail Page [] {"uid":"c41f4d7"}
[2020-01-01 04:28:10] slim-app.INFO: Edit Page [] {"uid":"8055380"}
[2020-01-01 04:28:14] slim-app.INFO: Edit Page [] {"uid":"c9b72cf"}
[2020-01-01 04:28:16] slim-app.INFO: Detail Page [] {"uid":"dee281c"}
[2020-01-01 04:31:29] slim-app.INFO: Edit Page [] {"uid":"8edb96d"}
[2020-01-01 04:31:34] slim-app.INFO: Edit Page [] {"uid":"afe8fad"}
[2020-01-01 04:31:37] slim-app.INFO: Detail Page [] {"uid":"c77f613"}
[2020-01-01 04:31:54] slim-app.INFO: Edit Page [] {"uid":"50854fe"}
[2020-01-01 04:31:56] slim-app.INFO: Edit Page [] {"uid":"cb61c46"}
[2020-01-01 04:31:58] slim-app.INFO: Detail Page [] {"uid":"f526f5b"}
[2020-01-01 04:32:01] slim-app.INFO: Edit Page [] {"uid":"eeb9e1c"}
[2020-01-01 04:34:40] slim-app.INFO: Edit Page [] {"uid":"43cdf80"}
[2020-01-01 04:34:43] slim-app.INFO: Detail Page [] {"uid":"0fa342d"}
[2020-01-01 04:35:05] slim-app.INFO: Edit Page [] {"uid":"b7d7611"}
[2020-01-01 04:35:12] slim-app.INFO: Edit Page [] {"uid":"d4b6e59"}
[2020-01-01 04:35:14] slim-app.INFO: Detail Page [] {"uid":"9357f85"}
[2020-01-01 04:35:15] slim-app.INFO: Edit Page [] {"uid":"4ee692a"}
[2020-01-01 04:35:19] slim-app.INFO: Edit Page [] {"uid":"28e978f"}
[2020-01-01 04:35:21] slim-app.INFO: Detail Page [] {"uid":"ca631f7"}
[2020-01-01 04:38:11] slim-app.INFO: Edit Page [] {"uid":"7d1bd6d"}
[2020-01-01 04:38:16] slim-app.INFO: Edit Page [] {"uid":"8a0d43d"}
[2020-01-01 04:39:55] slim-app.INFO: Edit Page [] {"uid":"adf3c41"}
[2020-01-01 04:39:57] slim-app.INFO: Edit Page [] {"uid":"c4beefe"}
[2020-01-01 04:39:59] slim-app.INFO: Detail Page [] {"uid":"17fa5f5"}
[2020-01-01 04:40:07] slim-app.INFO: Edit Page [] {"uid":"dc8a436"}
[2020-01-01 04:40:09] slim-app.INFO: Edit Page [] {"uid":"8b2b3d8"}
[2020-01-01 04:40:13] slim-app.INFO: Detail Page [] {"uid":"6238326"}
[2020-01-01 04:40:29] slim-app.INFO: Edit Page [] {"uid":"faeb10b"}
[2020-01-01 04:40:31] slim-app.INFO: Edit Page [] {"uid":"b3493ea"}
[2020-01-01 04:40:32] slim-app.INFO: Detail Page [] {"uid":"44ca4b8"}
[2020-01-01 04:40:34] slim-app.INFO: Edit Page [] {"uid":"f3e8762"}
[2020-01-01 04:40:39] slim-app.INFO: Edit Page [] {"uid":"938db00"}
[2020-01-01 04:40:41] slim-app.INFO: Detail Page [] {"uid":"8389f25"}
[2020-01-01 04:40:42] slim-app.INFO: Edit Page [] {"uid":"e7764b0"}
[2020-01-01 04:40:44] slim-app.INFO: Edit Page [] {"uid":"4f96d1f"}
[2020-01-01 04:40:46] slim-app.INFO: Detail Page [] {"uid":"c56c05a"}
[2020-01-01 04:40:52] slim-app.INFO: Edit Page [] {"uid":"2c59ded"}
[2020-01-01 04:40:54] slim-app.INFO: Edit Page [] {"uid":"6f3fba9"}
[2020-01-01 04:40:55] slim-app.INFO: Detail Page [] {"uid":"a311971"}
[2020-01-01 04:41:04] slim-app.INFO: Edit Page [] {"uid":"df6e521"}
[2020-01-01 04:41:06] slim-app.INFO: Edit Page [] {"uid":"702ee9e"}
[2020-01-01 04:41:08] slim-app.INFO: Detail Page [] {"uid":"b6107f3"}
[2020-01-01 04:41:10] slim-app.INFO: Edit Page [] {"uid":"aa416f0"}
[2020-01-01 04:41:14] slim-app.INFO: Edit Page [] {"uid":"933129a"}
[2020-01-01 04:41:16] slim-app.INFO: Detail Page [] {"uid":"e3086e8"}
[2020-01-01 04:41:18] slim-app.INFO: Edit Page [] {"uid":"ac9d061"}
[2020-01-01 04:41:29] slim-app.INFO: Edit Page [] {"uid":"d7eef48"}
[2020-01-01 04:41:31] slim-app.INFO: Detail Page [] {"uid":"d6b5785"}
[2020-01-01 04:41:32] slim-app.INFO: Edit Page [] {"uid":"f693adc"}
[2020-01-01 04:41:33] slim-app.INFO: Edit Page [] {"uid":"83ee9fb"}
[2020-01-01 04:41:35] slim-app.INFO: Detail Page [] {"uid":"0e8c278"}
[2020-01-01 04:41:37] slim-app.INFO: Edit Page [] {"uid":"079fb11"}
[2020-01-01 04:41:39] slim-app.INFO: Edit Page [] {"uid":"7d68c34"}
[2020-01-01 04:41:41] slim-app.INFO: Detail Page [] {"uid":"5a563fe"}
[2020-01-01 04:41:45] slim-app.INFO: Edit Page [] {"uid":"bc7b7cd"}
[2020-01-01 04:41:46] slim-app.INFO: Edit Page [] {"uid":"ba9f001"}
[2020-01-01 04:41:49] slim-app.INFO: Detail Page [] {"uid":"20470b0"}
[2020-01-01 04:41:53] slim-app.INFO: Edit Page [] {"uid":"79fecdc"}
[2020-01-01 04:41:55] slim-app.INFO: Detail Page [] {"uid":"2ae16ff"}
[2020-01-01 04:41:58] slim-app.INFO: Edit Page [] {"uid":"0347e87"}
[2020-01-01 04:42:29] slim-app.INFO: Detail Page [] {"uid":"b2a7676"}
[2020-01-01 04:42:30] slim-app.INFO: Edit Page [] {"uid":"66fcf63"}
[2020-01-01 04:42:32] slim-app.INFO: Edit Page [] {"uid":"ee09aba"}
[2020-01-01 04:42:37] slim-app.INFO: Detail Page [] {"uid":"a0805ef"}
[2020-01-01 04:42:39] slim-app.INFO: Edit Page [] {"uid":"ac56a60"}
[2020-01-01 04:42:40] slim-app.INFO: Edit Page [] {"uid":"70839be"}
[2020-01-01 04:42:41] slim-app.INFO: Detail Page [] {"uid":"5a98522"}
[2020-01-01 04:42:46] slim-app.INFO: Edit Page [] {"uid":"955c0c9"}
[2020-01-01 04:42:47] slim-app.INFO: Edit Page [] {"uid":"217f95d"}
[2020-01-01 04:42:49] slim-app.INFO: Detail Page [] {"uid":"47ad02e"}
[2020-01-01 04:44:00] slim-app.INFO: Edit Page [] {"uid":"7398e86"}
[2020-01-01 04:44:02] slim-app.INFO: Edit Page [] {"uid":"6b7b7fd"}
[2020-01-01 04:44:03] slim-app.INFO: Detail Page [] {"uid":"69ee95d"}
[2020-01-01 04:44:09] slim-app.INFO: Edit Page [] {"uid":"82172bf"}
[2020-01-01 04:44:13] slim-app.INFO: Edit Page [] {"uid":"96887fe"}
[2020-01-01 04:44:15] slim-app.INFO: Detail Page [] {"uid":"d687613"}
[2020-01-01 04:44:48] slim-app.INFO: Edit Page [] {"uid":"78b4b18"}
[2020-01-01 04:44:50] slim-app.INFO: Edit Page [] {"uid":"24b1e78"}
[2020-01-01 04:44:51] slim-app.INFO: Detail Page [] {"uid":"ad64f82"}
[2020-01-01 04:44:53] slim-app.INFO: Edit Page [] {"uid":"86abed2"}
[2020-01-01 04:44:55] slim-app.INFO: Edit Page [] {"uid":"3d365f5"}
[2020-01-01 04:44:56] slim-app.INFO: Detail Page [] {"uid":"f252987"}
[2020-01-01 04:44:57] slim-app.INFO: Edit Page [] {"uid":"15e3a48"}
[2020-01-01 04:45:13] slim-app.INFO: Edit Page [] {"uid":"1ef9b3b"}
[2020-01-01 04:46:07] slim-app.INFO: Detail Page [] {"uid":"71d7ac1"}
[2020-01-01 04:46:08] slim-app.INFO: Edit Page [] {"uid":"32b23d7"}
[2020-01-01 04:46:10] slim-app.INFO: Edit Page [] {"uid":"8f2b249"}
[2020-01-01 04:46:11] slim-app.INFO: Detail Page [] {"uid":"86fca6d"}
[2020-01-01 04:46:12] slim-app.INFO: Edit Page [] {"uid":"d077c6b"}
[2020-01-01 04:46:19] slim-app.INFO: Edit Page [] {"uid":"5a74553"}
[2020-01-01 04:46:21] slim-app.INFO: Detail Page [] {"uid":"8b477d8"}
[2020-01-01 04:46:22] slim-app.INFO: Edit Page [] {"uid":"2527567"}
[2020-01-01 04:46:24] slim-app.INFO: Edit Page [] {"uid":"ca8118d"}
[2020-01-01 04:46:27] slim-app.INFO: New Post Page [] {"uid":"ef6938f"}
[2020-01-01 04:47:00] slim-app.INFO: New Post Page [] {"uid":"9ffbe46"}
[2020-01-01 04:47:02] slim-app.INFO: Detail Page [] {"uid":"1d65623"}
[2020-01-01 04:47:04] slim-app.INFO: Detail Page [] {"uid":"8eac5a7"}
[2020-01-01 04:47:10] slim-app.INFO: Edit Page [] {"uid":"ed99b03"}
[2020-01-01 04:47:12] slim-app.INFO: New Post Page [] {"uid":"b4fac6a"}
[2020-01-01 04:47:24] slim-app.INFO: New Post Page [] {"uid":"64fc9d0"}
[2020-01-01 04:47:27] slim-app.INFO: Detail Page [] {"uid":"d869468"}
[2020-01-01 04:47:31] slim-app.INFO: Edit Page [] {"uid":"f4dfa0c"}
[2020-01-01 04:47:32] slim-app.INFO: Edit Page [] {"uid":"364c5a0"}
[2020-01-01 04:47:34] slim-app.INFO: Detail Page [] {"uid":"fda54a3"}
[2020-01-01 04:47:36] slim-app.INFO: Edit Page [] {"uid":"b24e0a3"}
[2020-01-01 04:47:37] slim-app.INFO: Detail Page [] {"uid":"e8df969"}
[2020-01-01 04:47:40] slim-app.INFO: Edit Page [] {"uid":"c4df56f"}
[2020-01-01 04:47:43] slim-app.INFO: Edit Page [] {"uid":"f1bb668"}
[2020-01-01 04:48:08] slim-app.INFO: New Post Page [] {"uid":"99aba02"}
[2020-01-01 04:48:15] slim-app.INFO: New Post Page [] {"uid":"b2cc478"}
[2020-01-01 04:48:16] slim-app.INFO: Detail Page [] {"uid":"2987049"}
[2020-01-01 04:48:18] slim-app.INFO: Detail Page [] {"uid":"63995bb"}
[2020-01-01 04:48:22] slim-app.INFO: Detail Page [] {"uid":"f56e22f"}
[2020-01-01 04:48:24] slim-app.INFO: Detail Page [] {"uid":"0e289cb"}
[2020-01-01 04:48:30] slim-app.INFO: Detail Page [] {"uid":"ad5714b"}
[2020-01-01 04:48:36] slim-app.INFO: Edit Page [] {"uid":"f82d3d1"}
[2020-01-01 04:48:41] slim-app.INFO: Edit Page [] {"uid":"4d469f3"}
[2020-01-01 04:48:43] slim-app.INFO: Detail Page [] {"uid":"e65b5af"}
[2020-01-01 04:48:45] slim-app.INFO: Detail Page [] {"uid":"4daaabc"}
[2020-01-01 04:49:02] slim-app.INFO: Detail Page [] {"uid":"e5b3095"}
[2020-01-01 04:49:04] slim-app.INFO: New Post Page [] {"uid":"116c6c2"}
[2020-01-01 04:49:09] slim-app.INFO: New Post Page [] {"uid":"85d6bb0"}
[2020-01-01 04:49:11] slim-app.INFO: Detail Page [] {"uid":"90de620"}
[2020-01-01 04:49:12] slim-app.INFO: Edit Page [] {"uid":"33d07ef"}
[2020-01-01 04:49:14] slim-app.INFO: Edit Page [] {"uid":"8d5de0a"}
[2020-01-01 04:49:16] slim-app.INFO: Detail Page [] {"uid":"a85fd1c"}
[2020-01-01 04:49:18] slim-app.INFO: Edit Page [] {"uid":"b27bafc"}
[2020-01-01 04:49:23] slim-app.INFO: Detail Page [] {"uid":"a4c4160"}
[2020-01-01 04:49:24] slim-app.INFO: Edit Page [] {"uid":"9568bfe"}
[2020-01-01 04:49:26] slim-app.INFO: Edit Page [] {"uid":"1964e99"}
[2020-01-01 04:49:28] slim-app.INFO: Detail Page [] {"uid":"44f50a3"}
[2020-01-01 04:49:30] slim-app.INFO: Edit Page [] {"uid":"4163617"}
[2020-01-01 04:49:32] slim-app.INFO: Edit Page [] {"uid":"badedc7"}
[2020-01-01 04:49:33] slim-app.INFO: Detail Page [] {"uid":"71554be"}
[2020-01-01 04:49:34] slim-app.INFO: Edit Page [] {"uid":"5d4fc2c"}
[2020-01-01 04:49:35] slim-app.INFO: Edit Page [] {"uid":"287e306"}
[2020-01-01 04:49:36] slim-app.INFO: Detail Page [] {"uid":"b3590f3"}
[2020-01-01 04:49:37] slim-app.INFO: Edit Page [] {"uid":"30c06ac"}
[2020-01-01 04:49:38] slim-app.INFO: Edit Page [] {"uid":"cb86128"}
[2020-01-01 04:49:40] slim-app.INFO: Detail Page [] {"uid":"610d7ee"}
[2020-01-01 04:49:42] slim-app.INFO: Edit Page [] {"uid":"d4aab0a"}
[2020-01-01 04:49:45] slim-app.INFO: Edit Page [] {"uid":"751c857"}
[2020-01-01 04:49:48] slim-app.INFO: New Post Page [] {"uid":"8e5ec17"}
[2020-01-01 04:49:59] slim-app.INFO: New Post Page [] {"uid":"2723739"}
[2020-01-01 04:50:01] slim-app.INFO: Detail Page [] {"uid":"183ddbf"}
[2020-01-01 04:50:05] slim-app.INFO: Detail Page [] {"uid":"6e52c03"}
[2020-01-01 04:50:12] slim-app.INFO: Detail Page [] {"uid":"ab8c4e0"}
[2020-01-01 04:50:25] slim-app.INFO: Detail Page [] {"uid":"e05771e"}
[2020-01-01 04:50:28] slim-app.INFO: Edit Page [] {"uid":"673ba57"}
[2020-01-01 04:50:31] slim-app.INFO: Detail Page [] {"uid":"04ce814"}
